TN:
SF:src/polyfills.ts
FNF:0
FNH:0
LF:0
LH:0
BRF:0
BRH:0
end_of_record
TN:
SF:src/test.ts
FNF:0
FNH:0
DA:18,1
DA:23,1
DA:25,1
LF:3
LH:3
BRF:0
BRH:0
end_of_record
TN:
SF:src/app/app.component.ts
FNF:0
FNH:0
DA:8,1
LF:1
LH:1
BRF:0
BRH:0
end_of_record
TN:
SF:src/app/common/components/toolbar/toolbar.component.ts
FN:11,(anonymous_0)
FN:13,(anonymous_1)
FN:16,(anonymous_2)
FN:20,(anonymous_3)
FNF:4
FNH:3
FNDA:1,(anonymous_0)
FNDA:1,(anonymous_1)
FNDA:2,(anonymous_2)
FNDA:0,(anonymous_3)
DA:9,1
DA:11,1
DA:17,2
DA:21,0
LF:4
LH:3
BRF:0
BRH:0
end_of_record
TN:
SF:src/app/common/components/user-card/user-card.component.ts
FN:14,(anonymous_0)
FN:16,(anonymous_1)
FN:19,(anonymous_2)
FNF:3
FNH:2
FNDA:1,(anonymous_0)
FNDA:1,(anonymous_1)
FNDA:0,(anonymous_2)
DA:9,1
DA:11,1
DA:12,1
DA:20,0
LF:4
LH:3
BRF:0
BRH:0
end_of_record
TN:
SF:src/app/common/services/detail-access.guard.ts
FN:11,(anonymous_0)
FN:18,(anonymous_1)
FNF:2
FNH:1
FNDA:1,(anonymous_0)
FNDA:0,(anonymous_1)
DA:10,1
DA:12,1
DA:13,1
DA:15,1
DA:22,0
LF:5
LH:4
BRDA:22,0,0,0
BRDA:22,0,1,0
BRF:2
BRH:0
end_of_record
TN:
SF:src/app/common/services/github-search.service.ts
FN:18,(anonymous_0)
FN:30,(anonymous_1)
FN:33,(anonymous_2)
FN:41,(anonymous_3)
FN:44,(anonymous_4)
FN:55,(anonymous_5)
FN:58,(anonymous_6)
FN:60,(anonymous_7)
FN:80,(anonymous_8)
FN:83,(anonymous_9)
FN:85,(anonymous_10)
FN:87,(anonymous_11)
FNF:12
FNH:3
FNDA:3,(anonymous_0)
FNDA:1,(anonymous_1)
FNDA:0,(anonymous_2)
FNDA:0,(anonymous_3)
FNDA:0,(anonymous_4)
FNDA:0,(anonymous_5)
FNDA:0,(anonymous_6)
FNDA:0,(anonymous_7)
FNDA:1,(anonymous_8)
FNDA:0,(anonymous_9)
FNDA:0,(anonymous_10)
FNDA:0,(anonymous_11)
DA:9,1
DA:11,3
DA:19,3
DA:31,1
DA:33,0
DA:42,0
DA:44,0
DA:56,0
DA:58,0
DA:61,0
DA:81,1
DA:83,0
DA:86,0
DA:87,0
DA:88,0
DA:95,0
LF:16
LH:5
BRDA:62,0,0,0
BRDA:62,0,1,0
BRDA:62,1,0,0
BRDA:62,1,1,0
BRDA:63,2,0,0
BRDA:63,2,1,0
BRDA:63,3,0,0
BRDA:63,3,1,0
BRDA:64,4,0,0
BRDA:64,4,1,0
BRDA:64,5,0,0
BRDA:64,5,1,0
BRDA:65,6,0,0
BRDA:65,6,1,0
BRDA:65,7,0,0
BRDA:65,7,1,0
BRDA:66,8,0,0
BRDA:66,8,1,0
BRDA:66,9,0,0
BRDA:66,9,1,0
BRF:20
BRH:0
end_of_record
TN:
SF:src/app/common/state-manager/state.store.ts
FN:9,createInitialState
FN:20,(anonymous_1)
FN:27,(anonymous_3)
FN:29,(anonymous_4)
FNF:4
FNH:3
FNDA:3,createInitialState
FNDA:3,(anonymous_1)
FNDA:1,(anonymous_3)
FNDA:0,(anonymous_4)
DA:10,3
DA:19,1
DA:21,3
DA:26,1
DA:27,1
DA:30,0
LF:6
LH:5
BRF:0
BRH:0
end_of_record
TN:
SF:src/app/pages/detail-page/detail-page.component.ts
FN:19,(anonymous_0)
FN:27,(anonymous_1)
FN:28,(anonymous_2)
FNF:3
FNH:2
FNDA:1,(anonymous_0)
FNDA:1,(anonymous_1)
FNDA:0,(anonymous_2)
DA:14,1
DA:20,1
DA:21,1
DA:23,1
DA:24,1
DA:28,1
DA:29,0
LF:7
LH:6
BRDA:28,0,0,1
BRDA:28,0,1,0
BRDA:28,1,0,1
BRDA:28,1,1,0
BRF:4
BRH:2
end_of_record
TN:
SF:src/app/pages/search-page/search-page.component.ts
FN:20,(anonymous_0)
FN:26,(anonymous_1)
FN:38,(anonymous_2)
FN:43,(anonymous_3)
FNF:4
FNH:1
FNDA:1,(anonymous_0)
FNDA:0,(anonymous_1)
FNDA:0,(anonymous_2)
FNDA:0,(anonymous_3)
DA:14,1
DA:16,1
DA:18,1
DA:21,1
DA:22,1
DA:23,1
DA:25,1
DA:27,0
DA:28,0
DA:39,0
DA:40,0
DA:44,0
DA:45,0
LF:13
LH:7
BRF:0
BRH:0
end_of_record
